c:\users\u1218984\documents\github\bhraytracer\debug\lib\tinyxml.bsc
c:\users\u1218984\documents\github\bhraytracer\debug\lib\tinyxml.pdb
c:\users\u1218984\documents\github\bhraytracer\debug\lib\tinyxml.idb
c:\users\u1218984\documents\github\bhraytracer\debug\lib\tinyxmlparser.sbr
c:\users\u1218984\documents\github\bhraytracer\debug\lib\tinyxmlerror.sbr
c:\users\u1218984\documents\github\bhraytracer\debug\lib\tinyxml.sbr
c:\users\u1218984\documents\github\bhraytracer\debug\lib\tinystr.sbr
c:\users\u1218984\documents\github\bhraytracer\debug\lib\tinystr.obj
c:\users\u1218984\documents\github\bhraytracer\debug\lib\tinyxml.obj
c:\users\u1218984\documents\github\bhraytracer\debug\lib\tinyxmlerror.obj
c:\users\u1218984\documents\github\bhraytracer\debug\lib\tinyxmlparser.obj
c:\users\u1218984\documents\github\bhraytracer\debug\lib\tinyxml.lib
c:\users\u1218984\documents\github\bhraytracer\debug\lib\tinyxml.tlog\bscmake.command.1.tlog
c:\users\u1218984\documents\github\bhraytracer\debug\lib\tinyxml.tlog\bscmake.read.1.tlog
c:\users\u1218984\documents\github\bhraytracer\debug\lib\tinyxml.tlog\bscmake.write.1.tlog
c:\users\u1218984\documents\github\bhraytracer\debug\lib\tinyxml.tlog\cl.command.1.tlog
c:\users\u1218984\documents\github\bhraytracer\debug\lib\tinyxml.tlog\cl.read.1.tlog
c:\users\u1218984\documents\github\bhraytracer\debug\lib\tinyxml.tlog\cl.write.1.tlog
c:\users\u1218984\documents\github\bhraytracer\debug\lib\tinyxml.tlog\lib-link.read.1.tlog
c:\users\u1218984\documents\github\bhraytracer\debug\lib\tinyxml.tlog\lib-link.write.1.tlog
c:\users\u1218984\documents\github\bhraytracer\debug\lib\tinyxml.tlog\lib.command.1.tlog
